#
# There is insufficient memory for the Java Runtime Environment to continue.
# Native memory allocation (mmap) failed to map 67108864 bytes. Error detail: G1 virtual space
# Possible reasons:
#   The system is out of physical RAM or swap space
#   This process is running with CompressedOops enabled, and the Java Heap may be blocking the growth of the native heap
# Possible solutions:
#   Reduce memory load on the system
#   Increase physical memory or swap space
#   Check if swap backing store is full
#   Decrease Java heap size (-Xmx/-Xms)
#   Decrease number of Java threads
#   Decrease Java thread stack sizes (-Xss)
#   Set larger code cache with -XX:ReservedCodeCacheSize=
#   JVM is running with Unscaled Compressed Oops mode in which the Java heap is
#     placed in the first 4GB address space. The Java Heap base address is the
#     maximum limit for the native heap growth. Please use -XX:HeapBaseMinAddress
#     to set the Java Heap base and to place the Java Heap above 4GB virtual address.
# This output file may be truncated or incomplete.
#
#  Out of Memory Error (os_windows.cpp:3825), pid=4824, tid=10420
#
# JRE version:  (17.0.11) (build )
# Java VM: OpenJDK 64-Bit Server VM (17.0.11+0--11852314, mixed mode, sharing, tiered, compressed oops, compressed class ptrs, g1 gc, windows-amd64)
# No core dump will be written. Minidumps are not enabled by default on client versions of Windows
#

---------------  S U M M A R Y ------------

Command Line: org.jetbrains.kotlin.cli.jvm.K2JVMCompiler @C:\Users\diyarbakirbakim\AndroidStudioProjects\Hesaplayici\app\build\20250317_13096431990596662784.compiler.options

Host: Intel(R) Core(TM)2 Duo CPU     E7500  @ 2.93GHz, 2 cores, 3G,  Windows 10 , 64 bit Build 19041 (10.0.19041.5438)
Time: Mon Mar 17 11:19:11 2025 Türkiye Standart Saati elapsed time: 0.310929 seconds (0d 0h 0m 0s)

---------------  T H R E A D  ---------------

Current thread (0x000001f7f5691f20):  JavaThread "Unknown thread" [_thread_in_vm, id=10420, stack(0x0000000623a00000,0x0000000623b00000)]

Stack: [0x0000000623a00000,0x0000000623b00000]
Native frames: (J=compiled Java code, j=interpreted, Vv=VM code, C=native code)
V  [jvm.dll+0x687bb9]
V  [jvm.dll+0x84142a]
V  [jvm.dll+0x8430ae]
V  [jvm.dll+0x843713]
V  [jvm.dll+0x24a35f]
V  [jvm.dll+0x684989]
V  [jvm.dll+0x67923a]
V  [jvm.dll+0x30af0b]
V  [jvm.dll+0x3123b6]
V  [jvm.dll+0x361dfe]
V  [jvm.dll+0x36202f]
V  [jvm.dll+0x2e0d38]
V  [jvm.dll+0x2e1ca4]
V  [jvm.dll+0x811f21]
V  [jvm.dll+0x36fb68]
V  [jvm.dll+0x7f0896]
V  [jvm.dll+0x3f3d2f]
V  [jvm.dll+0x3f58e1]
C  [jli.dll+0x528f]
C  [ucrtbase.dll+0x21bb2]
C  [KERNEL32.DLL+0x17374]
C  [ntdll.dll+0x4cc91]


---------------  P R O C E S S  ---------------

Threads class SMR info:
_java_thread_list=0x00007ff839bdefd8, length=0, elements={
}

Java Threads: ( => current thread )

Other Threads:
  0x000001f7f56cd580 GCTaskThread "GC Thread#0" [stack: 0x0000000623b00000,0x0000000623c00000] [id=7224]
  0x000001f7f56d63d0 ConcurrentGCThread "G1 Main Marker" [stack: 0x0000000623c00000,0x0000000623d00000] [id=9856]
  0x000001f7f56d6df0 ConcurrentGCThread "G1 Conc#0" [stack: 0x0000000623d00000,0x0000000623e00000] [id=10660]

[error occurred during error reporting (printing all threads), id 0xc0000005, EXCEPTION_ACCESS_VIOLATION (0xc0000005) at pc=0x00007ff839391907]

VM state: not at safepoint (not fully initialized)

VM Mutex/Monitor currently owned by a thread:  ([mutex/lock_event])
[0x000001f7f568b7a0] Heap_lock - owner thread: 0x000001f7f5691f20

Heap address: 0x00000000c0800000, size: 1016 MB, Compressed Oops mode: 32-bit

CDS archive(s) mapped at: [0x0000000000000000-0x0000000000000000-0x0000000000000000), size 0, SharedBaseAddress: 0x0000000800000000, ArchiveRelocationMode: 1.
Narrow klass base: 0x0000000000000000, Narrow klass shift: 0, Narrow klass range: 0x0

GC Precious Log:
<Empty>

Heap:
 garbage-first heap   total 0K, used 0K [0x00000000c0800000, 0x0000000100000000)
  region size 1024K, 0 young (0K), 0 survivors (0K)
 Metaspace       used 0K, committed 0K, reserved 0K
  class space    used 0K, committed 0K, reserved 0K

Heap Regions: E=young(eden), S=young(survivor), O=old, HS=humongous(starts), HC=humongous(continues), CS=collection set, F=free, OA=open archive, CA=closed archive, TAMS=top-at-mark-start (previous, next)

Card table byte_map: [0x000001f7f8b70000,0x000001f7f8d70000] _byte_map_base: 0x000001f7f856c000

Marking Bits (Prev, Next): (CMBitMap*) 0x000001f7f56cdba0, (CMBitMap*) 0x000001f7f56cdbe0
 Prev Bits: [0x000001f7f8f70000, 0x000001f7f9f50000)
 Next Bits: [0x000001f7f9f50000, 0x000001f7faf30000)

GC Heap History (0 events):
No events

Dll operation events (1 events):
Event: 0.228 Loaded shared library C:\Users\diyarbakirbakim\AppData\Local\Programs\Android Studio\jbr\bin\java.dll

Deoptimization events (0 events):
No events

Classes unloaded (0 events):
No events

Classes redefined (0 events):
No events

Internal exceptions (0 events):
No events

VM Operations (0 events):
No events

Events (0 events):
No events


Dynamic libraries:
0x00007ff788c80000 - 0x00007ff788c8a000 	C:\Users\diyarbakirbakim\AppData\Local\Programs\Android Studio\jbr\bin\java.exe
0x00007ff871d30000 - 0x00007ff871f28000 	C:\WINDOWS\SYSTEM32\ntdll.dll
0x00007ff871bb0000 - 0x00007ff871c72000 	C:\WINDOWS\System32\KERNEL32.DLL
0x00007ff86f6c0000 - 0x00007ff86f9bf000 	C:\WINDOWS\System32\KERNELBASE.dll
0x00007ff86f3d0000 - 0x00007ff86f4d0000 	C:\WINDOWS\System32\ucrtbase.dll
0x00007ff865cb0000 - 0x00007ff865cc7000 	C:\Users\diyarbakirbakim\AppData\Local\Programs\Android Studio\jbr\bin\jli.dll
0x00007ff871620000 - 0x00007ff8717bd000 	C:\WINDOWS\System32\USER32.dll
0x00007ff86f9c0000 - 0x00007ff86f9e2000 	C:\WINDOWS\System32\win32u.dll
0x00007ff871820000 - 0x00007ff87184b000 	C:\WINDOWS\System32\GDI32.dll
0x00007ff86f570000 - 0x00007ff86f68a000 	C:\WINDOWS\System32\gdi32full.dll
0x00007ff86f4d0000 - 0x00007ff86f56d000 	C:\WINDOWS\System32\msvcp_win.dll
0x00007ff8696e0000 - 0x00007ff8696fb000 	C:\Users\diyarbakirbakim\AppData\Local\Programs\Android Studio\jbr\bin\VCRUNTIME140.dll
0x00007ff861c30000 - 0x00007ff861eca000 	C:\WINDOWS\WinSxS\amd64_microsoft.windows.common-controls_6595b64144ccf1df_6.0.19041.4355_none_60b8b9eb71f62e16\COMCTL32.dll
0x00007ff8714d0000 - 0x00007ff87156e000 	C:\WINDOWS\System32\msvcrt.dll
0x00007ff870750000 - 0x00007ff87077f000 	C:\WINDOWS\System32\IMM32.DLL
0x00007ff8692f0000 - 0x00007ff8692fc000 	C:\Users\diyarbakirbakim\AppData\Local\Programs\Android Studio\jbr\bin\vcruntime140_1.dll
0x00007ff858630000 - 0x00007ff8586bd000 	C:\Users\diyarbakirbakim\AppData\Local\Programs\Android Studio\jbr\bin\msvcp140.dll
0x00007ff8390a0000 - 0x00007ff839d23000 	C:\Users\diyarbakirbakim\AppData\Local\Programs\Android Studio\jbr\bin\server\jvm.dll
0x00007ff871330000 - 0x00007ff8713df000 	C:\WINDOWS\System32\ADVAPI32.dll
0x00007ff870b20000 - 0x00007ff870bbf000 	C:\WINDOWS\System32\sechost.dll
0x00007ff8709f0000 - 0x00007ff870b13000 	C:\WINDOWS\System32\RPCRT4.dll
0x00007ff86f690000 - 0x00007ff86f6b7000 	C:\WINDOWS\System32\bcrypt.dll
0x00007ff86f230000 - 0x00007ff86f27b000 	C:\WINDOWS\SYSTEM32\POWRPROF.dll
0x00007ff86a1b0000 - 0x00007ff86a1ba000 	C:\WINDOWS\SYSTEM32\VERSION.dll
0x00007ff86c680000 - 0x00007ff86c689000 	C:\WINDOWS\SYSTEM32\WSOCK32.dll
0x00007ff871c80000 - 0x00007ff871ceb000 	C:\WINDOWS\System32\WS2_32.dll
0x00007ff85ded0000 - 0x00007ff85def7000 	C:\WINDOWS\SYSTEM32\WINMM.dll
0x00007ff86f210000 - 0x00007ff86f222000 	C:\WINDOWS\SYSTEM32\UMPDC.dll
0x00007ff86cea0000 - 0x00007ff86ceb2000 	C:\WINDOWS\SYSTEM32\kernel.appcore.dll
0x00007ff86a160000 - 0x00007ff86a16a000 	C:\Users\diyarbakirbakim\AppData\Local\Programs\Android Studio\jbr\bin\jimage.dll
0x00007ff867b20000 - 0x00007ff867d04000 	C:\WINDOWS\SYSTEM32\DBGHELP.DLL
0x00007ff867340000 - 0x00007ff867374000 	C:\WINDOWS\SYSTEM32\dbgcore.DLL
0x00007ff86f9f0000 - 0x00007ff86fa72000 	C:\WINDOWS\System32\bcryptPrimitives.dll
0x00007ff869e10000 - 0x00007ff869e35000 	C:\Users\diyarbakirbakim\AppData\Local\Programs\Android Studio\jbr\bin\java.dll

dbghelp: loaded successfully - version: 4.0.5 - missing functions: none
symbol engine: initialized successfully - sym options: 0x614 - pdb path: .;C:\Users\diyarbakirbakim\AppData\Local\Programs\Android Studio\jbr\bin;C:\WINDOWS\SYSTEM32;C:\WINDOWS\WinSxS\amd64_microsoft.windows.common-controls_6595b64144ccf1df_6.0.19041.4355_none_60b8b9eb71f62e16;C:\Users\diyarbakirbakim\AppData\Local\Programs\Android Studio\jbr\bin\server

VM Arguments:
java_command: org.jetbrains.kotlin.cli.jvm.K2JVMCompiler @C:\Users\diyarbakirbakim\AndroidStudioProjects\Hesaplayici\app\build\20250317_13096431990596662784.compiler.options
java_class_path (initial): C:\Users\diyarbakirbakim\.gradle\caches\modules-2\files-2.1\org.jetbrains.kotlin\kotlin-compiler-embeddable\1.9.0\2c8c3a7402becca891f12739b3e9fd2dc2adbd7a\kotlin-compiler-embeddable-1.9.0.jar;C:\Users\diyarbakirbakim\.gradle\caches\modules-2\files-2.1\org.jetbrains.kotlin\kotlin-stdlib\1.9.0\8ee15ef0c67dc83d874f412d84378d7f0eb50b63\kotlin-stdlib-1.9.0.jar;C:\Users\diyarbakirbakim\.gradle\caches\modules-2\files-2.1\org.jetbrains.kotlin\kotlin-script-runtime\1.9.0\4b3102cbbb7e1b58d9d1adf89563f00069ffa7d1\kotlin-script-runtime-1.9.0.jar;C:\Users\diyarbakirbakim\.gradle\caches\modules-2\files-2.1\org.jetbrains.kotlin\kotlin-reflect\1.6.10\1cbe9c92c12a94eea200d23c2bbaedaf3daf5132\kotlin-reflect-1.6.10.jar;C:\Users\diyarbakirbakim\.gradle\caches\modules-2\files-2.1\org.jetbrains.kotlin\kotlin-daemon-embeddable\1.9.0\186543f5e28cf8d9a0290fecc2cf34301c40a65c\kotlin-daemon-embeddable-1.9.0.jar;C:\Users\diyarbakirbakim\.gradle\caches\modules-2\files-2.1\org.jetbrains.intellij.deps\trove4j\1.0.20200330\3afb14d5f9ceb459d724e907a21145e8ff394f02\trove4j-1.0.20200330.jar;C:\Users\diyarbakirbakim\.gradle\caches\modules-2\files-2.1\org.jetbrains.kotlin\kotlin-stdlib-common\1.9.0\cd65c21cfd1eec4d44ef09f9f52b6d9f8a720636\kotlin-stdlib-common-1.9.0.jar;C:\Users\diyarbakirbakim\.gradle\caches\modules-2\files-2.1\org.jetbrains\annotations\13.0\919f0dfe192fb4e063e7dacadee7f8bb9a2672a9\annotations-13.0.jar
Launcher Type: SUN_STANDARD

[Global flags]
     intx CICompilerCount                          = 2                                         {product} {ergonomic}
     uint ConcGCThreads                            = 1                                         {product} {ergonomic}
     uint G1ConcRefinementThreads                  = 2                                         {product} {ergonomic}
   size_t G1HeapRegionSize                         = 1048576                                   {product} {ergonomic}
    uintx GCDrainStackTargetSize                   = 64                                        {product} {ergonomic}
   size_t InitialHeapSize                          = 67108864                                  {product} {ergonomic}
   size_t MarkStackSize                            = 4194304                                   {product} {ergonomic}
   size_t MaxHeapSize                              = 1065353216                                {product} {ergonomic}
   size_t MinHeapDeltaBytes                        = 1048576                                   {product} {ergonomic}
   size_t MinHeapSize                              = 8388608                                   {product} {ergonomic}
    uintx NonNMethodCodeHeapSize                   = 5826188                                {pd product} {ergonomic}
    uintx NonProfiledCodeHeapSize                  = 122916026                              {pd product} {ergonomic}
    uintx ProfiledCodeHeapSize                     = 122916026                              {pd product} {ergonomic}
    uintx ReservedCodeCacheSize                    = 251658240                              {pd product} {ergonomic}
     bool SegmentedCodeCache                       = true                                      {product} {ergonomic}
   size_t SoftMaxHeapSize                          = 1065353216                             {manageable} {ergonomic}
     bool UseCompressedClassPointers               = true                           {product lp64_product} {ergonomic}
     bool UseCompressedOops                        = true                           {product lp64_product} {ergonomic}
     bool UseG1GC                                  = true                                      {product} {ergonomic}
     bool UseLargePagesIndividualAllocation        = false                                  {pd product} {ergonomic}

Logging:
Log output configuration:
 #0: stdout all=warning uptime,level,tags
 #1: stderr all=off uptime,level,tags

Environment Variables:
JAVA_HOME=C:\Users\diyarbakirbakim\OneDrive - KYK YAPI KIMYASALLARI\Masaüstü\jre-8u401-windows-x64.exe
PATH=C:\WINDOWS\system32;C:\WINDOWS;C:\WINDOWS\System32\Wbem;C:\WINDOWS\System32\WindowsPowerShell\v1.0\;C:\WINDOWS\System32\OpenSSH\;C:\Program Files\WindowsPowerShell\Scripts;C:\WINDOWS\system32;C:\WINDOWS;C:\WINDOWS\System32\Wbem;C:\WINDOWS\System32\WindowsPowerShell\v1.0\;C:\WINDOWS\System32\OpenSSH\;C:\Program Files (x86)\ATI Technologies\ATI.ACE\Core-Static;C:\Users\diyarbakirbakim\AppData\Local\JetBrains\Toolbox\scripts;C:\Users\diyarbakirbakim\AppData\Local\Microsoft\WindowsApps;
USERNAME=diyarbakirbakim
OS=Windows_NT
PROCESSOR_IDENTIFIER=Intel64 Family 6 Model 23 Stepping 10, GenuineIntel
TMP=C:\Users\DIYARB~1\AppData\Local\Temp
TEMP=C:\Users\DIYARB~1\AppData\Local\Temp



Periodic native trim disabled

JNI global refs:
JNI global refs: 0, weak refs: 0

JNI global refs memory usage: 0, weak refs: 0

Process memory usage:
Resident Set Size: 10292K (0% of 4157940K total physical memory with 386252K free physical memory)

OOME stack traces (most recent first):
Classloader memory used:


---------------  S Y S T E M  ---------------

OS:
 Windows 10 , 64 bit Build 19041 (10.0.19041.5438)
OS uptime: 4 days 12:06 hours

CPU: total 2 (initial active 2) (2 cores per cpu, 1 threads per core) family 6 model 23 stepping 10 microcode 0xa0c, cx8, cmov, fxsr, mmx, sse, sse2, sse3, ssse3, sse4.1, tsc, clflush
Processor Information for all 2 processors :
  Max Mhz: 2933, Current Mhz: 2933, Mhz Limit: 2933

Memory: 4k page, system-wide physical 4060M (377M free)
TotalPageFile size 8756M (AvailPageFile size 26M)
current process WorkingSet (physical memory assigned to process): 10M, peak: 10M
current process commit charge ("private bytes"): 47M, peak: 111M

vm_info: OpenJDK 64-Bit Server VM (17.0.11+0--11852314) for windows-amd64 JRE (17.0.11+0--11852314), built on May 16 2024 21:29:20 by "androidbuild" with MS VC++ 16.10 / 16.11 (VS2019)

END.
